[debug] [2023-07-06T19:15:15.019Z] ----------------------------------------------------------------------
[debug] [2023-07-06T19:15:15.020Z] Command:       C:\Program Files\nodejs\node.exe C:\Users\ruebe\AppData\Roaming\npm\node_modules\firebase-tools\lib\bin\firebase.js init
[debug] [2023-07-06T19:15:15.020Z] CLI Version:   12.4.2
[debug] [2023-07-06T19:15:15.021Z] Platform:      win32
[debug] [2023-07-06T19:15:15.021Z] Node Version:  v18.14.1
[debug] [2023-07-06T19:15:15.022Z] Time:          Thu Jul 06 2023 13:15:15 GMT-0600 (Mountain Daylight Time)
[debug] [2023-07-06T19:15:15.022Z] ----------------------------------------------------------------------
[debug] 
[debug] [2023-07-06T19:15:15.027Z] > command requires scopes: ["email","openid","https://www.googleapis.com/auth/cloudplatformprojects.readonly","https://www.googleapis.com/auth/firebase","https://www.googleapis.com/auth/cloud-platform"]
[debug] [2023-07-06T19:15:15.028Z] > authorizing via signed-in user (rueben.durfee@gmail.com)
[info] 
     ######## #### ########  ######## ########     ###     ######  ########
     ##        ##  ##     ## ##       ##     ##  ##   ##  ##       ##
     ######    ##  ########  ######   ########  #########  ######  ######
     ##        ##  ##    ##  ##       ##     ## ##     ##       ## ##
     ##       #### ##     ## ######## ########  ##     ##  ######  ########

You're about to initialize a Firebase project in this directory:

  C:\Users\ruebe\Documents\GitHub\vue-js-coding-lectures-udemy-course\section-18\deploying

[info] 
=== Project Setup
[info] 
[info] First, let's associate this project directory with a Firebase project.
[info] You can create multiple project aliases by running firebase use --add, 
[info] but for now we'll just set up a default project.
[info] 
[debug] [2023-07-06T19:15:30.812Z] >>> [apiv2][query] GET https://firebase.googleapis.com/v1beta1/projects pageSize=100
[debug] [2023-07-06T19:15:31.467Z] <<< [apiv2][status] GET https://firebase.googleapis.com/v1beta1/projects 200
[debug] [2023-07-06T19:15:31.467Z] <<< [apiv2][body] GET https://firebase.googleapis.com/v1beta1/projects [omitted]
[info] i  Using project coaches2-ff055 (coaches2) 
[info] 
=== Hosting Setup
[info] 
[info] Your public directory is the folder (relative to your project directory) that
[info] will contain Hosting assets to be uploaded with firebase deploy. If you
[info] have a build process for your assets, use your build's output directory.
[info] 
[debug] [2023-07-06T19:17:07.896Z] >>> [apiv2][query] GET https://www.gstatic.com/firebasejs/releases.json [none]
[debug] [2023-07-06T19:17:07.993Z] <<< [apiv2][status] GET https://www.gstatic.com/firebasejs/releases.json 200
[debug] [2023-07-06T19:17:07.993Z] <<< [apiv2][body] GET https://www.gstatic.com/firebasejs/releases.json {"current":{"version":"9.23.0","browserURL":"https://www.gstatic.com/firebasejs/9.23.0/firebase.js","packageURL":"https://www.gstatic.com/firebasejs/9.23.0/firebase.tgz"},"live":{"version":"9.23","browserURL":"https://www.gstatic.com/firebasejs/live/9.23/firebase.js","packageURL":"https://www.gstatic.com/firebasejs/live/9.23/firebase.tgz"},"components":{"analytics":"https://www.gstatic.com/firebasejs/9.23.0/firebase-analytics.js","app":"https://www.gstatic.com/firebasejs/9.23.0/firebase-app.js","app-check":"https://www.gstatic.com/firebasejs/9.23.0/firebase-app-check.js","auth":"https://www.gstatic.com/firebasejs/9.23.0/firebase-auth.js","auth/cordova":"https://www.gstatic.com/firebasejs/9.23.0/firebase-auth/cordova.js","auth/react-native":"https://www.gstatic.com/firebasejs/9.23.0/firebase-auth/react-native.js","functions":"https://www.gstatic.com/firebasejs/9.23.0/firebase-functions.js","firestore":"https://www.gstatic.com/firebasejs/9.23.0/firebase-firestore.js","firestore/lite":"https://www.gstatic.com/firebasejs/9.23.0/firebase-firestore/lite.js","installations":"https://www.gstatic.com/firebasejs/9.23.0/firebase-installations.js","storage":"https://www.gstatic.com/firebasejs/9.23.0/firebase-storage.js","performance":"https://www.gstatic.com/firebasejs/9.23.0/firebase-performance.js","remote-config":"https://www.gstatic.com/firebasejs/9.23.0/firebase-remote-config.js","messaging":"https://www.gstatic.com/firebasejs/9.23.0/firebase-messaging.js","messaging/sw":"https://www.gstatic.com/firebasejs/9.23.0/firebase-messaging/sw.js","database":"https://www.gstatic.com/firebasejs/9.23.0/firebase-database.js","firestore.memory":"https://www.gstatic.com/firebasejs/9.23.0/firebase-firestore.memory.js"}}
[info] +  Wrote y/index.html 
[info] 
[info] i  Detected a .git folder at C:\Users\ruebe\Documents\GitHub\vue-js-coding-lectures-udemy-course 
[info] i  Authorizing with GitHub to upload your service account to a GitHub repository's secrets store. 
[info] 
[info] Visit this URL on this device to log in:
[info] https://github.com/login/oauth/authorize?client_id=89cf50f02ac6aaed3484&state=227436475&redirect_uri=http%3A%2F%2Flocalhost%3A9005&scope=read%3Auser%20repo%20public_repo
[info] 
[info] Waiting for authentication...
[debug] [2023-07-06T19:18:04.417Z] >>> [apiv2][query] POST https://github.com/login/oauth/access_token [none]
[debug] [2023-07-06T19:18:04.417Z] >>> [apiv2][body] POST https://github.com/login/oauth/access_token [stream]
[debug] [2023-07-06T19:18:04.706Z] <<< [apiv2][status] POST https://github.com/login/oauth/access_token 200
[debug] [2023-07-06T19:18:04.707Z] <<< [apiv2][body] POST https://github.com/login/oauth/access_token {"access_token":"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","token_type":"bearer","scope":"read:user,repo"}
[debug] [2023-07-06T19:18:04.715Z] >>> [apiv2][query] GET https://api.github.com/user [none]
[debug] [2023-07-06T19:18:05.038Z] <<< [apiv2][status] GET https://api.github.com/user 200
[debug] [2023-07-06T19:18:05.038Z] <<< [apiv2][body] GET https://api.github.com/user {"login":"Rubytuesdaysandwich","id":88746844,"node_id":"MDQ6VXNlcjg4NzQ2ODQ0","avatar_url":"https://avatars.githubusercontent.com/u/88746844?v=4","gravatar_id":"","url":"https://api.github.com/users/Rubytuesdaysandwich","html_url":"https://github.com/Rubytuesdaysandwich","followers_url":"https://api.github.com/users/Rubytuesdaysandwich/followers","following_url":"https://api.github.com/users/Rubytuesdaysandwich/following{/other_user}","gists_url":"https://api.github.com/users/Rubytuesdaysandwich/gists{/gist_id}","starred_url":"https://api.github.com/users/Rubytuesdaysandwich/starred{/owner}{/repo}","subscriptions_url":"https://api.github.com/users/Rubytuesdaysandwich/subscriptions","organizations_url":"https://api.github.com/users/Rubytuesdaysandwich/orgs","repos_url":"https://api.github.com/users/Rubytuesdaysandwich/repos","events_url":"https://api.github.com/users/Rubytuesdaysandwich/events{/privacy}","received_events_url":"https://api.github.com/users/Rubytuesdaysandwich/received_events","type":"User","site_admin":false,"name":null,"company":null,"blog":"","location":null,"email":null,"hireable":null,"bio":null,"twitter_username":null,"public_repos":47,"public_gists":0,"followers":0,"following":0,"created_at":"2021-08-10T20:54:44Z","updated_at":"2023-07-06T19:18:00Z","private_gists":0,"total_private_repos":7,"owned_private_repos":7,"disk_usage":310734,"collaborators":0,"two_factor_authentication":false,"plan":{"name":"free","space":976562499,"collaborators":0,"private_repos":10000}}
[info] 
[info] +  Success! Logged into GitHub as Rubytuesdaysandwich 
[info] 
